<?xml version="1.0" encoding="UTF-8"?>
<!-- Generated by org.testng.reporters.JUnitXMLReporter -->
<testsuite ignored="0" hostname="AMAH769NKWN6R" failures="1" tests="1" name="Login Test Case" time="0.102" errors="0" timestamp="2025-12-08T01:06:35 IST">
  <testcase classname="testNGextent.LoginPage" name="sampleReport" time="0.004">
    <failure type="java.lang.AssertionError" message="expected [HomePage] but found [LoginPage]">
      <![CDATA[java.lang.AssertionError: expected [HomePage] but found [LoginPage]
at testNGextent.LoginPage.sampleReport(LoginPage.java:34)
at java.base/java.util.ArrayList.forEach(ArrayList.java:1596)
... Removed 31 stack frames]]>
    </failure>
  </testcase> <!-- sampleReport -->
</testsuite> <!-- Login Test Case -->
