<?xml version="1.0" encoding="UTF-8"?>
<testng-results ignored="0" total="2" passed="1" failed="1" skipped="0">
  <reporter-output>
  </reporter-output>
  <suite started-at="2025-12-08T01:06:34 IST" name="Facebook Test Suite" finished-at="2025-12-08T01:06:35 IST" duration-ms="1008">
    <groups>
    </groups>
    <test started-at="2025-12-08T01:06:34 IST" name="Registration Test Case" finished-at="2025-12-08T01:06:35 IST" duration-ms="865">
      <class name="testNGextent.RegisterPage">
        <test-method is-config="true" signature="init()[pri:0, instance:testNGextent.RegisterPage@3901d134]" started-at="2025-12-08T01:06:34 IST" name="init" finished-at="2025-12-08T01:06:35 IST" duration-ms="342" status="PASS">
          <reporter-output>
          </reporter-output>
        </test-method> <!-- init -->
        <test-method signature="sampleReport()[pri:0, instance:testNGextent.RegisterPage@3901d134]" started-at="2025-12-08T01:06:35 IST" name="sampleReport" finished-at="2025-12-08T01:06:35 IST" duration-ms="16" status="PASS">
          <reporter-output>
          </reporter-output>
        </test-method> <!-- sampleReport -->
        <test-method is-config="true" signature="exit()[pri:0, instance:testNGextent.RegisterPage@3901d134]" started-at="2025-12-08T01:06:35 IST" name="exit" finished-at="2025-12-08T01:06:35 IST" duration-ms="470" status="PASS">
          <reporter-output>
          </reporter-output>
        </test-method> <!-- exit -->
      </class> <!-- testNGextent.RegisterPage -->
    </test> <!-- Registration Test Case -->
    <test started-at="2025-12-08T01:06:35 IST" name="Login Test Case" finished-at="2025-12-08T01:06:35 IST" duration-ms="102">
      <class name="testNGextent.LoginPage">
        <test-method is-config="true" signature="init()[pri:0, instance:testNGextent.LoginPage@2f7c2f4f]" started-at="2025-12-08T01:06:35 IST" name="init" finished-at="2025-12-08T01:06:35 IST" duration-ms="2" status="PASS">
          <reporter-output>
          </reporter-output>
        </test-method> <!-- init -->
        <test-method signature="sampleReport()[pri:0, instance:testNGextent.LoginPage@2f7c2f4f]" started-at="2025-12-08T01:06:35 IST" name="sampleReport" finished-at="2025-12-08T01:06:35 IST" duration-ms="4" status="FAIL">
          <exception class="java.lang.AssertionError">
            <message>
              <![CDATA[expected [HomePage] but found [LoginPage]]]>
            </message>
            <full-stacktrace>
              <![CDATA[java.lang.AssertionError: expected [HomePage] but found [LoginPage]
at org.testng.Assert.fail(Assert.java:99)
at org.testng.Assert.failNotEquals(Assert.java:1037)
at org.testng.Assert.assertEqualsImpl(Assert.java:140)
at org.testng.Assert.assertEquals(Assert.java:122)
at org.testng.Assert.assertEquals(Assert.java:629)
at org.testng.Assert.assertEquals(Assert.java:639)
at testNGextent.LoginPage.sampleReport(LoginPage.java:34)
at java.base/jdk.internal.reflect.DirectMethodHandleAccessor.invoke(DirectMethodHandleAccessor.java:103)
at java.base/java.lang.reflect.Method.invoke(Method.java:580)
at org.testng.internal.MethodInvocationHelper.invokeMethod(MethodInvocationHelper.java:133)
at org.testng.internal.TestInvoker.invokeMethod(TestInvoker.java:598)
at org.testng.internal.TestInvoker.invokeTestMethod(TestInvoker.java:173)
at org.testng.internal.MethodRunner.runInSequence(MethodRunner.java:46)
at org.testng.internal.TestInvoker$MethodInvocationAgent.invoke(TestInvoker.java:824)
at org.testng.internal.TestInvoker.invokeTestMethods(TestInvoker.java:146)
at org.testng.internal.TestMethodWorker.invokeTestMethods(TestMethodWorker.java:146)
at org.testng.internal.TestMethodWorker.run(TestMethodWorker.java:128)
at java.base/java.util.ArrayList.forEach(ArrayList.java:1596)
at org.testng.TestRunner.privateRun(TestRunner.java:794)
at org.testng.TestRunner.run(TestRunner.java:596)
at org.testng.SuiteRunner.runTest(SuiteRunner.java:377)
at org.testng.SuiteRunner.runSequentially(SuiteRunner.java:371)
at org.testng.SuiteRunner.privateRun(SuiteRunner.java:332)
at org.testng.SuiteRunner.run(SuiteRunner.java:276)
at org.testng.SuiteRunnerWorker.runSuite(SuiteRunnerWorker.java:53)
at org.testng.SuiteRunnerWorker.run(SuiteRunnerWorker.java:96)
at org.testng.TestNG.runSuitesSequentially(TestNG.java:1212)
at org.testng.TestNG.runSuitesLocally(TestNG.java:1134)
at org.testng.TestNG.runSuites(TestNG.java:1063)
at org.testng.TestNG.run(TestNG.java:1031)
at org.testng.remote.AbstractRemoteTestNG.run(AbstractRemoteTestNG.java:115)
at org.testng.remote.RemoteTestNG.initAndRun(RemoteTestNG.java:251)
at org.testng.remote.RemoteTestNG.main(RemoteTestNG.java:77)
]]>
            </full-stacktrace>
          </exception> <!-- java.lang.AssertionError -->
          <reporter-output>
          </reporter-output>
        </test-method> <!-- sampleReport -->
        <test-method is-config="true" signature="exit()[pri:0, instance:testNGextent.LoginPage@2f7c2f4f]" started-at="2025-12-08T01:06:35 IST" name="exit" finished-at="2025-12-08T01:06:35 IST" duration-ms="89" status="PASS">
          <reporter-output>
          </reporter-output>
        </test-method> <!-- exit -->
      </class> <!-- testNGextent.LoginPage -->
    </test> <!-- Login Test Case -->
  </suite> <!-- Facebook Test Suite -->
</testng-results>
